<?xml version="1.0" encoding="UTF-8"?>
<testng-results skipped="0" failed="0" total="1" passed="1">
  <reporter-output>
  </reporter-output>
  <suite name="Default suite" duration-ms="57549" started-at="2017-08-11T14:43:25Z" finished-at="2017-08-11T14:44:23Z">
    <groups>
    </groups>
    <test name="Default test" duration-ms="57549" started-at="2017-08-11T14:43:25Z" finished-at="2017-08-11T14:44:23Z">
      <class name="com.testing.Cliniops.Cliniops_DriverScriptTest">
        <test-method status="PASS" signature="cliniopsDriver()[pri:0, instance:com.testing.Cliniops.Cliniops_DriverScriptTest@7dc7cbad]" name="cliniopsDriver" duration-ms="57527" started-at="2017-08-11T07:43:25Z" finished-at="2017-08-11T07:44:23Z">
          <reporter-output>
          </reporter-output>
        </test-method> <!-- cliniopsDriver -->
      </class> <!-- com.testing.Cliniops.Cliniops_DriverScriptTest -->
    </test> <!-- Default test -->
  </suite> <!-- Default suite -->
</testng-results>
